TN:
SF:src/core/CircuitBreaker.sol
FN:137,CircuitBreaker.registerToken
FNDA:5,CircuitBreaker.registerToken
DA:142,5
BRDA:142,0,0,2
BRDA:142,0,1,3
DA:143,2
DA:145,3
DA:146,3
BRDA:146,1,0,1
BRDA:146,1,1,2
DA:148,2
DA:149,2
DA:150,2
FN:153,CircuitBreaker.updateTokenRateLimitParams
FNDA:3,CircuitBreaker.updateTokenRateLimitParams
DA:158,3
BRDA:158,2,0,2
BRDA:158,2,1,1
DA:159,2
DA:161,1
DA:162,1
BRDA:162,3,0,-
BRDA:162,3,1,1
DA:163,1
DA:164,1
DA:168,1
FN:174,CircuitBreaker.recordInflow
FNDA:15,CircuitBreaker.recordInflow
DA:175,15
DA:176,15
FN:179,CircuitBreaker._recordTokenChange
FNDA:21,CircuitBreaker._recordTokenChange
DA:184,21
DA:187,21
BRDA:187,4,0,1
BRDA:187,4,1,20
DA:188,1
DA:192,20
DA:194,20
DA:196,20
DA:199,20
BRDA:199,5,0,6
BRDA:199,5,1,20
DA:200,6
DA:202,20
DA:205,20
BRDA:205,6,0,6
BRDA:205,6,1,14
DA:206,6
DA:207,6
DA:208,6
DA:213,14
BRDA:213,7,0,5
BRDA:213,7,1,14
DA:214,5
DA:218,14
BRDA:218,8,0,8
BRDA:218,8,1,6
DA:220,8
DA:223,6
DA:225,6
DA:226,6
FN:234,CircuitBreaker._traverseLinkedListUntilInPeriod
FNDA:7,CircuitBreaker._traverseLinkedListUntilInPeriod
DA:239,7
DA:240,7
DA:241,7
DA:244,13
DA:248,6
DA:249,6
DA:251,6
DA:253,6
DA:255,6
DA:256,6
DA:260,7
BRDA:260,9,0,5
BRDA:260,9,1,2
DA:261,5
DA:262,5
DA:264,2
DA:267,7
DA:269,7
FN:272,CircuitBreaker.withdraw
FNDA:7,CircuitBreaker.withdraw
DA:278,7
DA:281,7
BRDA:281,10,0,1
BRDA:281,10,1,6
DA:283,1
DA:284,1
DA:285,1
DA:287,6
DA:289,6
BRDA:289,11,0,-
BRDA:289,11,1,1
DA:290,1
BRDA:290,12,0,-
BRDA:290,12,1,1
DA:291,0
DA:293,1
DA:294,1
DA:299,5
BRDA:299,13,0,-
BRDA:299,13,1,2
DA:300,2
BRDA:300,14,0,-
BRDA:300,14,1,2
DA:301,0
DA:304,2
DA:305,2
DA:307,2
DA:309,2
DA:311,2
DA:315,3
DA:316,3
DA:318,3
FN:321,CircuitBreaker.isRateLimitBreeched
FNDA:10,CircuitBreaker.isRateLimitBreeched
DA:322,15
DA:323,15
BRDA:323,15,0,2
BRDA:323,15,1,13
DA:324,2
DA:326,13
DA:329,13
BRDA:329,16,0,8
BRDA:329,16,1,5
DA:330,8
DA:333,5
DA:335,5
DA:338,5
FN:341,CircuitBreaker.isInGracePeriod
FNDA:0,CircuitBreaker.isInGracePeriod
DA:342,2
FN:348,CircuitBreaker.claimLockedFunds
FNDA:1,CircuitBreaker.claimLockedFunds
DA:349,1
BRDA:349,17,0,-
BRDA:349,17,1,1
DA:350,1
BRDA:350,18,0,-
BRDA:350,18,1,1
DA:351,1
DA:352,1
DA:353,1
DA:355,1
FN:363,CircuitBreaker.clearBackLog
FNDA:1,CircuitBreaker.clearBackLog
DA:364,1
DA:365,1
FN:368,CircuitBreaker.setAdmin
FNDA:3,CircuitBreaker.setAdmin
DA:369,1
BRDA:369,19,0,-
BRDA:369,19,1,1
DA:370,1
DA:371,1
FN:374,CircuitBreaker.removeRateLimit
FNDA:1,CircuitBreaker.removeRateLimit
DA:375,1
BRDA:375,20,0,-
BRDA:375,20,1,1
DA:376,1
DA:379,1
FN:382,CircuitBreaker.removeExpiredRateLimit
FNDA:1,CircuitBreaker.removeExpiredRateLimit
DA:383,1
BRDA:383,21,0,-
BRDA:383,21,1,1
DA:384,1
BRDA:384,22,0,-
BRDA:384,22,1,1
DA:385,0
DA:387,1
FN:390,CircuitBreaker.addProtectedContracts
FNDA:2,CircuitBreaker.addProtectedContracts
DA:391,2
DA:392,2
FN:396,CircuitBreaker.removeProtectedContracts
FNDA:1,CircuitBreaker.removeProtectedContracts
DA:397,1
DA:398,1
FN:402,CircuitBreaker.tokenRateLimitInfoExists
FNDA:0,CircuitBreaker.tokenRateLimitInfoExists
DA:405,43
FN:408,CircuitBreaker.getTickTimestamp
FNDA:20,CircuitBreaker.getTickTimestamp
DA:409,20
FNF:17
FNH:15
LF:108
LH:105
BRF:46
BRH:35
end_of_record
TN:
SF:test/mocks/MockDeFiProtocol.sol
FN:14,MockDeFiProtocol.setCircuitBreaker
FNDA:2,MockDeFiProtocol.setCircuitBreaker
DA:15,2
FN:18,MockDeFiProtocol.deposit
FNDA:15,MockDeFiProtocol.deposit
DA:19,15
DA:20,15
FN:23,MockDeFiProtocol.withdraw
FNDA:7,MockDeFiProtocol.withdraw
DA:24,7
DA:25,7
FNF:3
FNH:3
LF:5
LH:5
BRF:0
BRH:0
end_of_record
TN:
SF:test/mocks/MockToken.sol
FN:9,MockToken.mint
FNDA:9,MockToken.mint
DA:10,9
FN:13,MockToken.burn
FNDA:1,MockToken.burn
DA:14,1
FNF:2
FNH:2
LF:2
LH:2
BRF:0
BRH:0
end_of_record
