TN:
SF:src/core/Guardian.sol
FN:134,Guardian.registerToken
FNDA:5,Guardian.registerToken
DA:140,5
BRDA:140,0,0,2
BRDA:140,0,1,3
DA:141,2
DA:143,3
DA:144,3
BRDA:144,1,0,1
BRDA:144,1,1,2
DA:146,2
DA:147,2
DA:148,2
DA:149,2
FN:152,Guardian.updateTokenRateLimitParams
FNDA:1,Guardian.updateTokenRateLimitParams
DA:158,1
DA:159,1
BRDA:159,2,0,-
BRDA:159,2,1,1
DA:160,1
DA:161,1
DA:162,1
DA:166,1
FN:172,Guardian.recordInflow
FNDA:13,Guardian.recordInflow
DA:173,13
DA:174,13
FN:177,Guardian._recordTokenChange
FNDA:17,Guardian._recordTokenChange
DA:182,17
DA:185,17
BRDA:185,3,0,1
BRDA:185,3,1,16
DA:186,1
DA:190,16
DA:193,16
DA:196,16
BRDA:196,4,0,4
BRDA:196,4,1,16
DA:197,4
DA:199,16
DA:202,16
BRDA:202,5,0,5
BRDA:202,5,1,11
DA:203,5
DA:204,5
DA:205,5
DA:210,11
BRDA:210,6,0,5
BRDA:210,6,1,11
DA:211,5
DA:215,11
BRDA:215,7,0,6
BRDA:215,7,1,5
DA:217,6
DA:220,5
DA:222,5
DA:223,5
FN:231,Guardian._traverseLinkedListUntilInPeriod
FNDA:7,Guardian._traverseLinkedListUntilInPeriod
DA:236,7
DA:237,7
DA:238,7
DA:241,13
DA:245,6
DA:246,6
DA:248,6
DA:250,6
DA:252,6
DA:253,6
DA:257,7
BRDA:257,8,0,5
BRDA:257,8,1,2
DA:258,5
DA:259,5
DA:261,2
DA:264,7
DA:266,7
FN:269,Guardian.withdraw
FNDA:5,Guardian.withdraw
DA:270,5
DA:273,5
BRDA:273,9,0,1
BRDA:273,9,1,4
DA:275,1
DA:276,1
DA:277,1
DA:279,4
DA:281,4
BRDA:281,10,0,1
BRDA:281,10,1,3
DA:282,1
DA:283,1
DA:288,3
BRDA:288,11,0,2
BRDA:288,11,1,1
DA:290,2
DA:291,2
DA:293,2
DA:295,2
DA:297,2
DA:301,1
DA:302,1
DA:304,1
FN:307,Guardian.isRateLimitBreeched
FNDA:10,Guardian.isRateLimitBreeched
DA:308,13
DA:309,13
BRDA:309,12,0,2
BRDA:309,12,1,11
DA:310,2
DA:312,11
DA:315,11
BRDA:315,13,0,6
BRDA:315,13,1,5
DA:316,6
DA:319,5
DA:321,5
DA:324,5
FN:327,Guardian.isInGracePeriod
FNDA:0,Guardian.isInGracePeriod
DA:328,2
FN:334,Guardian.claimLockedFunds
FNDA:1,Guardian.claimLockedFunds
DA:335,1
BRDA:335,14,0,-
BRDA:335,14,1,1
DA:336,1
BRDA:336,15,0,-
BRDA:336,15,1,1
DA:337,1
DA:338,1
DA:339,1
DA:341,1
FN:349,Guardian.clearBackLog
FNDA:1,Guardian.clearBackLog
DA:350,1
DA:351,1
FN:354,Guardian.setAdmin
FNDA:3,Guardian.setAdmin
DA:355,1
BRDA:355,16,0,-
BRDA:355,16,1,1
DA:356,1
DA:357,1
FN:360,Guardian.removeRateLimit
FNDA:1,Guardian.removeRateLimit
DA:361,1
FN:364,Guardian.removeExpiredRateLimit
FNDA:1,Guardian.removeExpiredRateLimit
DA:365,1
BRDA:365,17,0,-
BRDA:365,17,1,1
DA:366,1
BRDA:366,18,0,-
BRDA:366,18,1,1
DA:367,0
DA:369,1
FN:372,Guardian.addGuardedContracts
FNDA:2,Guardian.addGuardedContracts
DA:373,2
DA:374,2
FN:378,Guardian.removeGuardedContracts
FNDA:1,Guardian.removeGuardedContracts
DA:379,1
DA:380,1
FN:384,Guardian.tokenRateLimitInfoExists
FNDA:0,Guardian.tokenRateLimitInfoExists
DA:387,35
FNF:16
FNH:14
LF:100
LH:99
BRF:38
BRH:32
end_of_record
TN:
SF:test/mocks/MockDeFiProtocol.sol
FN:14,MockDeFiProtocol.setGuardian
FNDA:2,MockDeFiProtocol.setGuardian
DA:15,2
FN:18,MockDeFiProtocol.deposit
FNDA:13,MockDeFiProtocol.deposit
DA:19,13
DA:20,13
FN:23,MockDeFiProtocol.withdraw
FNDA:5,MockDeFiProtocol.withdraw
DA:24,5
DA:25,5
FNF:3
FNH:3
LF:5
LH:5
BRF:0
BRH:0
end_of_record
TN:
SF:test/mocks/MockToken.sol
FN:9,MockToken.mint
FNDA:8,MockToken.mint
DA:10,8
FN:13,MockToken.burn
FNDA:1,MockToken.burn
DA:14,1
FNF:2
FNH:2
LF:2
LH:2
BRF:0
BRH:0
end_of_record
